<?xml version="1.0" encoding="UTF-8"?>
<testsuite xmlns:xsi="http://www.w3.org/2001/XMLSchema-instance" xsi:noNamespaceSchemaLocation="https://maven.apache.org/surefire/maven-surefire-plugin/xsd/surefire-test-report-3.0.xsd" version="3.0" name="com.mufengxz.MufengxzBackendApplicationTests" time="5.67" tests="1" errors="0" skipped="0" failures="0">
  <properties>
    <property name="java.specification.version" value="17"/>
    <property name="sun.cpu.isalist" value="amd64"/>
    <property name="sun.jnu.encoding" value="GBK"/>
    <property name="java.class.path" value="G:\softDatas\2.Program\WebProgramme\mufengxz\mufengxz-backend\target\test-classes;G:\softDatas\2.Program\WebProgramme\mufengxz\mufengxz-backend\target\classes;F:\05.Programm Soft Green\Environments\Mvn_repository\org\springframework\boot\spring-boot-starter-security\3.1.2\spring-boot-starter-security-3.1.2.jar;F:\05.Programm Soft Green\Environments\Mvn_repository\org\springframework\boot\spring-boot-starter\3.1.2\spring-boot-starter-3.1.2.jar;F:\05.Programm Soft Green\Environments\Mvn_repository\org\springframework\boot\spring-boot\3.1.2\spring-boot-3.1.2.jar;F:\05.Programm Soft Green\Environments\Mvn_repository\org\springframework\boot\spring-boot-starter-logging\3.1.2\spring-boot-starter-logging-3.1.2.jar;F:\05.Programm Soft Green\Environments\Mvn_repository\ch\qos\logback\logback-classic\1.4.8\logback-classic-1.4.8.jar;F:\05.Programm Soft Green\Environments\Mvn_repository\ch\qos\logback\logback-core\1.4.8\logback-core-1.4.8.jar;F:\05.Programm Soft Green\Environments\Mvn_repository\org\apache\logging\log4j\log4j-to-slf4j\2.20.0\log4j-to-slf4j-2.20.0.jar;F:\05.Programm Soft Green\Environments\Mvn_repository\org\apache\logging\log4j\log4j-api\2.20.0\log4j-api-2.20.0.jar;F:\05.Programm Soft Green\Environments\Mvn_repository\org\slf4j\jul-to-slf4j\2.0.7\jul-to-slf4j-2.0.7.jar;F:\05.Programm Soft Green\Environments\Mvn_repository\jakarta\annotation\jakarta.annotation-api\2.1.1\jakarta.annotation-api-2.1.1.jar;F:\05.Programm Soft Green\Environments\Mvn_repository\org\yaml\snakeyaml\1.33\snakeyaml-1.33.jar;F:\05.Programm Soft Green\Environments\Mvn_repository\org\springframework\spring-aop\6.0.11\spring-aop-6.0.11.jar;F:\05.Programm Soft Green\Environments\Mvn_repository\org\springframework\spring-beans\6.0.11\spring-beans-6.0.11.jar;F:\05.Programm Soft Green\Environments\Mvn_repository\org\springframework\security\spring-security-config\6.1.2\spring-security-config-6.1.2.jar;F:\05.Programm Soft Green\Environments\Mvn_repository\org\springframework\spring-context\6.0.11\spring-context-6.0.11.jar;F:\05.Programm Soft Green\Environments\Mvn_repository\org\springframework\security\spring-security-web\6.1.2\spring-security-web-6.1.2.jar;F:\05.Programm Soft Green\Environments\Mvn_repository\org\springframework\spring-expression\6.0.11\spring-expression-6.0.11.jar;F:\05.Programm Soft Green\Environments\Mvn_repository\org\springframework\boot\spring-boot-starter-web\3.1.2\spring-boot-starter-web-3.1.2.jar;F:\05.Programm Soft Green\Environments\Mvn_repository\org\springframework\boot\spring-boot-starter-json\3.1.2\spring-boot-starter-json-3.1.2.jar;F:\05.Programm Soft Green\Environments\Mvn_repository\com\fasterxml\jackson\datatype\jackson-datatype-jdk8\2.15.2\jackson-datatype-jdk8-2.15.2.jar;F:\05.Programm Soft Green\Environments\Mvn_repository\com\fasterxml\jackson\datatype\jackson-datatype-jsr310\2.15.2\jackson-datatype-jsr310-2.15.2.jar;F:\05.Programm Soft Green\Environments\Mvn_repository\com\fasterxml\jackson\module\jackson-module-parameter-names\2.15.2\jackson-module-parameter-names-2.15.2.jar;F:\05.Programm Soft Green\Environments\Mvn_repository\org\springframework\boot\spring-boot-starter-tomcat\3.1.2\spring-boot-starter-tomcat-3.1.2.jar;F:\05.Programm Soft Green\Environments\Mvn_repository\org\apache\tomcat\embed\tomcat-embed-core\10.1.11\tomcat-embed-core-10.1.11.jar;F:\05.Programm Soft Green\Environments\Mvn_repository\org\apache\tomcat\embed\tomcat-embed-el\10.1.11\tomcat-embed-el-10.1.11.jar;F:\05.Programm Soft Green\Environments\Mvn_repository\org\apache\tomcat\embed\tomcat-embed-websocket\10.1.11\tomcat-embed-websocket-10.1.11.jar;F:\05.Programm Soft Green\Environments\Mvn_repository\org\springframework\spring-web\6.0.11\spring-web-6.0.11.jar;F:\05.Programm Soft Green\Environments\Mvn_repository\io\micrometer\micrometer-observation\1.11.2\micrometer-observation-1.11.2.jar;F:\05.Programm Soft Green\Environments\Mvn_repository\io\micrometer\micrometer-commons\1.11.2\micrometer-commons-1.11.2.jar;F:\05.Programm Soft Green\Environments\Mvn_repository\org\springframework\spring-webmvc\6.0.11\spring-webmvc-6.0.11.jar;F:\05.Programm Soft Green\Environments\Mvn_repository\com\mysql\mysql-connector-j\8.0.33\mysql-connector-j-8.0.33.jar;F:\05.Programm Soft Green\Environments\Mvn_repository\org\projectlombok\lombok\1.18.28\lombok-1.18.28.jar;F:\05.Programm Soft Green\Environments\Mvn_repository\org\springframework\boot\spring-boot-starter-test\3.1.2\spring-boot-starter-test-3.1.2.jar;F:\05.Programm Soft Green\Environments\Mvn_repository\org\springframework\boot\spring-boot-test\3.1.2\spring-boot-test-3.1.2.jar;F:\05.Programm Soft Green\Environments\Mvn_repository\org\springframework\boot\spring-boot-test-autoconfigure\3.1.2\spring-boot-test-autoconfigure-3.1.2.jar;F:\05.Programm Soft Green\Environments\Mvn_repository\com\jayway\jsonpath\json-path\2.8.0\json-path-2.8.0.jar;F:\05.Programm Soft Green\Environments\Mvn_repository\org\slf4j\slf4j-api\2.0.7\slf4j-api-2.0.7.jar;F:\05.Programm Soft Green\Environments\Mvn_repository\jakarta\xml\bind\jakarta.xml.bind-api\4.0.0\jakarta.xml.bind-api-4.0.0.jar;F:\05.Programm Soft Green\Environments\Mvn_repository\jakarta\activation\jakarta.activation-api\2.1.2\jakarta.activation-api-2.1.2.jar;F:\05.Programm Soft Green\Environments\Mvn_repository\net\minidev\json-smart\2.4.11\json-smart-2.4.11.jar;F:\05.Programm Soft Green\Environments\Mvn_repository\net\minidev\accessors-smart\2.4.11\accessors-smart-2.4.11.jar;F:\05.Programm Soft Green\Environments\Mvn_repository\org\ow2\asm\asm\9.3\asm-9.3.jar;F:\05.Programm Soft Green\Environments\Mvn_repository\org\assertj\assertj-core\3.24.2\assertj-core-3.24.2.jar;F:\05.Programm Soft Green\Environments\Mvn_repository\net\bytebuddy\byte-buddy\1.14.5\byte-buddy-1.14.5.jar;F:\05.Programm Soft Green\Environments\Mvn_repository\org\hamcrest\hamcrest\2.2\hamcrest-2.2.jar;F:\05.Programm Soft Green\Environments\Mvn_repository\org\junit\jupiter\junit-jupiter\5.9.3\junit-jupiter-5.9.3.jar;F:\05.Programm Soft Green\Environments\Mvn_repository\org\junit\jupiter\junit-jupiter-api\5.9.3\junit-jupiter-api-5.9.3.jar;F:\05.Programm Soft Green\Environments\Mvn_repository\org\opentest4j\opentest4j\1.2.0\opentest4j-1.2.0.jar;F:\05.Programm Soft Green\Environments\Mvn_repository\org\junit\platform\junit-platform-commons\1.9.3\junit-platform-commons-1.9.3.jar;F:\05.Programm Soft Green\Environments\Mvn_repository\org\apiguardian\apiguardian-api\1.1.2\apiguardian-api-1.1.2.jar;F:\05.Programm Soft Green\Environments\Mvn_repository\org\junit\jupiter\junit-jupiter-params\5.9.3\junit-jupiter-params-5.9.3.jar;F:\05.Programm Soft Green\Environments\Mvn_repository\org\junit\jupiter\junit-jupiter-engine\5.9.3\junit-jupiter-engine-5.9.3.jar;F:\05.Programm Soft Green\Environments\Mvn_repository\org\junit\platform\junit-platform-engine\1.9.3\junit-platform-engine-1.9.3.jar;F:\05.Programm Soft Green\Environments\Mvn_repository\org\mockito\mockito-core\5.3.1\mockito-core-5.3.1.jar;F:\05.Programm Soft Green\Environments\Mvn_repository\net\bytebuddy\byte-buddy-agent\1.14.5\byte-buddy-agent-1.14.5.jar;F:\05.Programm Soft Green\Environments\Mvn_repository\org\objenesis\objenesis\3.3\objenesis-3.3.jar;F:\05.Programm Soft Green\Environments\Mvn_repository\org\mockito\mockito-junit-jupiter\5.3.1\mockito-junit-jupiter-5.3.1.jar;F:\05.Programm Soft Green\Environments\Mvn_repository\org\skyscreamer\jsonassert\1.5.1\jsonassert-1.5.1.jar;F:\05.Programm Soft Green\Environments\Mvn_repository\com\vaadin\external\google\android-json\0.0.20131108.vaadin1\android-json-0.0.20131108.vaadin1.jar;F:\05.Programm Soft Green\Environments\Mvn_repository\org\springframework\spring-core\6.0.11\spring-core-6.0.11.jar;F:\05.Programm Soft Green\Environments\Mvn_repository\org\springframework\spring-jcl\6.0.11\spring-jcl-6.0.11.jar;F:\05.Programm Soft Green\Environments\Mvn_repository\org\springframework\spring-test\6.0.11\spring-test-6.0.11.jar;F:\05.Programm Soft Green\Environments\Mvn_repository\org\xmlunit\xmlunit-core\2.9.1\xmlunit-core-2.9.1.jar;F:\05.Programm Soft Green\Environments\Mvn_repository\org\springframework\security\spring-security-test\6.1.2\spring-security-test-6.1.2.jar;F:\05.Programm Soft Green\Environments\Mvn_repository\org\springframework\security\spring-security-core\6.1.2\spring-security-core-6.1.2.jar;F:\05.Programm Soft Green\Environments\Mvn_repository\org\springframework\security\spring-security-crypto\6.1.2\spring-security-crypto-6.1.2.jar;F:\05.Programm Soft Green\Environments\Mvn_repository\com\alibaba\fastjson2\fastjson2\2.0.25\fastjson2-2.0.25.jar;F:\05.Programm Soft Green\Environments\Mvn_repository\com\auth0\java-jwt\4.3.0\java-jwt-4.3.0.jar;F:\05.Programm Soft Green\Environments\Mvn_repository\com\fasterxml\jackson\core\jackson-databind\2.15.2\jackson-databind-2.15.2.jar;F:\05.Programm Soft Green\Environments\Mvn_repository\com\fasterxml\jackson\core\jackson-annotations\2.15.2\jackson-annotations-2.15.2.jar;F:\05.Programm Soft Green\Environments\Mvn_repository\com\fasterxml\jackson\core\jackson-core\2.15.2\jackson-core-2.15.2.jar;F:\05.Programm Soft Green\Environments\Mvn_repository\org\springframework\boot\spring-boot-starter-data-redis\3.1.2\spring-boot-starter-data-redis-3.1.2.jar;F:\05.Programm Soft Green\Environments\Mvn_repository\org\springframework\data\spring-data-redis\3.1.2\spring-data-redis-3.1.2.jar;F:\05.Programm Soft Green\Environments\Mvn_repository\org\springframework\data\spring-data-keyvalue\3.1.2\spring-data-keyvalue-3.1.2.jar;F:\05.Programm Soft Green\Environments\Mvn_repository\org\springframework\data\spring-data-commons\3.1.2\spring-data-commons-3.1.2.jar;F:\05.Programm Soft Green\Environments\Mvn_repository\org\springframework\spring-tx\6.0.11\spring-tx-6.0.11.jar;F:\05.Programm Soft Green\Environments\Mvn_repository\org\springframework\spring-oxm\6.0.11\spring-oxm-6.0.11.jar;F:\05.Programm Soft Green\Environments\Mvn_repository\org\springframework\spring-context-support\6.0.11\spring-context-support-6.0.11.jar;F:\05.Programm Soft Green\Environments\Mvn_repository\io\lettuce\lettuce-core\6.2.5.RELEASE\lettuce-core-6.2.5.RELEASE.jar;F:\05.Programm Soft Green\Environments\Mvn_repository\io\netty\netty-common\4.1.94.Final\netty-common-4.1.94.Final.jar;F:\05.Programm Soft Green\Environments\Mvn_repository\io\netty\netty-handler\4.1.94.Final\netty-handler-4.1.94.Final.jar;F:\05.Programm Soft Green\Environments\Mvn_repository\io\netty\netty-resolver\4.1.94.Final\netty-resolver-4.1.94.Final.jar;F:\05.Programm Soft Green\Environments\Mvn_repository\io\netty\netty-buffer\4.1.94.Final\netty-buffer-4.1.94.Final.jar;F:\05.Programm Soft Green\Environments\Mvn_repository\io\netty\netty-transport-native-unix-common\4.1.94.Final\netty-transport-native-unix-common-4.1.94.Final.jar;F:\05.Programm Soft Green\Environments\Mvn_repository\io\netty\netty-codec\4.1.94.Final\netty-codec-4.1.94.Final.jar;F:\05.Programm Soft Green\Environments\Mvn_repository\io\netty\netty-transport\4.1.94.Final\netty-transport-4.1.94.Final.jar;F:\05.Programm Soft Green\Environments\Mvn_repository\io\projectreactor\reactor-core\3.5.8\reactor-core-3.5.8.jar;F:\05.Programm Soft Green\Environments\Mvn_repository\org\reactivestreams\reactive-streams\1.0.4\reactive-streams-1.0.4.jar;F:\05.Programm Soft Green\Environments\Mvn_repository\com\baomidou\mybatis-plus-boot-starter\3.5.3.1\mybatis-plus-boot-starter-3.5.3.1.jar;F:\05.Programm Soft Green\Environments\Mvn_repository\com\baomidou\mybatis-plus\3.5.3.1\mybatis-plus-3.5.3.1.jar;F:\05.Programm Soft Green\Environments\Mvn_repository\com\baomidou\mybatis-plus-extension\3.5.3.1\mybatis-plus-extension-3.5.3.1.jar;F:\05.Programm Soft Green\Environments\Mvn_repository\com\baomidou\mybatis-plus-core\3.5.3.1\mybatis-plus-core-3.5.3.1.jar;F:\05.Programm Soft Green\Environments\Mvn_repository\com\baomidou\mybatis-plus-annotation\3.5.3.1\mybatis-plus-annotation-3.5.3.1.jar;F:\05.Programm Soft Green\Environments\Mvn_repository\com\github\jsqlparser\jsqlparser\4.4\jsqlparser-4.4.jar;F:\05.Programm Soft Green\Environments\Mvn_repository\org\mybatis\mybatis\3.5.10\mybatis-3.5.10.jar;F:\05.Programm Soft Green\Environments\Mvn_repository\org\mybatis\mybatis-spring\2.0.7\mybatis-spring-2.0.7.jar;F:\05.Programm Soft Green\Environments\Mvn_repository\org\springframework\boot\spring-boot-autoconfigure\3.1.2\spring-boot-autoconfigure-3.1.2.jar;F:\05.Programm Soft Green\Environments\Mvn_repository\org\springframework\boot\spring-boot-starter-jdbc\3.1.2\spring-boot-starter-jdbc-3.1.2.jar;F:\05.Programm Soft Green\Environments\Mvn_repository\com\zaxxer\HikariCP\5.0.1\HikariCP-5.0.1.jar;F:\05.Programm Soft Green\Environments\Mvn_repository\org\springframework\spring-jdbc\6.0.11\spring-jdbc-6.0.11.jar;"/>
    <property name="java.vm.vendor" value="Oracle Corporation"/>
    <property name="sun.arch.data.model" value="64"/>
    <property name="user.variant" value=""/>
    <property name="java.vendor.url" value="https://java.oracle.com/"/>
    <property name="user.timezone" value="Asia/Shanghai"/>
    <property name="os.name" value="Windows 10"/>
    <property name="java.vm.specification.version" value="17"/>
    <property name="sun.java.launcher" value="SUN_STANDARD"/>
    <property name="user.country" value="CN"/>
    <property name="sun.boot.library.path" value="E:\Program Files Emvironment\JDK\jdk17\bin"/>
    <property name="sun.java.command" value="C:\Users\Administrator\AppData\Local\Temp\surefire3696869888410004134\surefirebooter-20230817191908271_3.jar C:\Users\Administrator\AppData\Local\Temp\surefire3696869888410004134 2023-08-17T19-19-08_146-jvmRun1 surefire-20230817191908271_1tmp surefire_0-20230817191908271_2tmp"/>
    <property name="jdk.debug" value="release"/>
    <property name="surefire.test.class.path" value="G:\softDatas\2.Program\WebProgramme\mufengxz\mufengxz-backend\target\test-classes;G:\softDatas\2.Program\WebProgramme\mufengxz\mufengxz-backend\target\classes;F:\05.Programm Soft Green\Environments\Mvn_repository\org\springframework\boot\spring-boot-starter-security\3.1.2\spring-boot-starter-security-3.1.2.jar;F:\05.Programm Soft Green\Environments\Mvn_repository\org\springframework\boot\spring-boot-starter\3.1.2\spring-boot-starter-3.1.2.jar;F:\05.Programm Soft Green\Environments\Mvn_repository\org\springframework\boot\spring-boot\3.1.2\spring-boot-3.1.2.jar;F:\05.Programm Soft Green\Environments\Mvn_repository\org\springframework\boot\spring-boot-starter-logging\3.1.2\spring-boot-starter-logging-3.1.2.jar;F:\05.Programm Soft Green\Environments\Mvn_repository\ch\qos\logback\logback-classic\1.4.8\logback-classic-1.4.8.jar;F:\05.Programm Soft Green\Environments\Mvn_repository\ch\qos\logback\logback-core\1.4.8\logback-core-1.4.8.jar;F:\05.Programm Soft Green\Environments\Mvn_repository\org\apache\logging\log4j\log4j-to-slf4j\2.20.0\log4j-to-slf4j-2.20.0.jar;F:\05.Programm Soft Green\Environments\Mvn_repository\org\apache\logging\log4j\log4j-api\2.20.0\log4j-api-2.20.0.jar;F:\05.Programm Soft Green\Environments\Mvn_repository\org\slf4j\jul-to-slf4j\2.0.7\jul-to-slf4j-2.0.7.jar;F:\05.Programm Soft Green\Environments\Mvn_repository\jakarta\annotation\jakarta.annotation-api\2.1.1\jakarta.annotation-api-2.1.1.jar;F:\05.Programm Soft Green\Environments\Mvn_repository\org\yaml\snakeyaml\1.33\snakeyaml-1.33.jar;F:\05.Programm Soft Green\Environments\Mvn_repository\org\springframework\spring-aop\6.0.11\spring-aop-6.0.11.jar;F:\05.Programm Soft Green\Environments\Mvn_repository\org\springframework\spring-beans\6.0.11\spring-beans-6.0.11.jar;F:\05.Programm Soft Green\Environments\Mvn_repository\org\springframework\security\spring-security-config\6.1.2\spring-security-config-6.1.2.jar;F:\05.Programm Soft Green\Environments\Mvn_repository\org\springframework\spring-context\6.0.11\spring-context-6.0.11.jar;F:\05.Programm Soft Green\Environments\Mvn_repository\org\springframework\security\spring-security-web\6.1.2\spring-security-web-6.1.2.jar;F:\05.Programm Soft Green\Environments\Mvn_repository\org\springframework\spring-expression\6.0.11\spring-expression-6.0.11.jar;F:\05.Programm Soft Green\Environments\Mvn_repository\org\springframework\boot\spring-boot-starter-web\3.1.2\spring-boot-starter-web-3.1.2.jar;F:\05.Programm Soft Green\Environments\Mvn_repository\org\springframework\boot\spring-boot-starter-json\3.1.2\spring-boot-starter-json-3.1.2.jar;F:\05.Programm Soft Green\Environments\Mvn_repository\com\fasterxml\jackson\datatype\jackson-datatype-jdk8\2.15.2\jackson-datatype-jdk8-2.15.2.jar;F:\05.Programm Soft Green\Environments\Mvn_repository\com\fasterxml\jackson\datatype\jackson-datatype-jsr310\2.15.2\jackson-datatype-jsr310-2.15.2.jar;F:\05.Programm Soft Green\Environments\Mvn_repository\com\fasterxml\jackson\module\jackson-module-parameter-names\2.15.2\jackson-module-parameter-names-2.15.2.jar;F:\05.Programm Soft Green\Environments\Mvn_repository\org\springframework\boot\spring-boot-starter-tomcat\3.1.2\spring-boot-starter-tomcat-3.1.2.jar;F:\05.Programm Soft Green\Environments\Mvn_repository\org\apache\tomcat\embed\tomcat-embed-core\10.1.11\tomcat-embed-core-10.1.11.jar;F:\05.Programm Soft Green\Environments\Mvn_repository\org\apache\tomcat\embed\tomcat-embed-el\10.1.11\tomcat-embed-el-10.1.11.jar;F:\05.Programm Soft Green\Environments\Mvn_repository\org\apache\tomcat\embed\tomcat-embed-websocket\10.1.11\tomcat-embed-websocket-10.1.11.jar;F:\05.Programm Soft Green\Environments\Mvn_repository\org\springframework\spring-web\6.0.11\spring-web-6.0.11.jar;F:\05.Programm Soft Green\Environments\Mvn_repository\io\micrometer\micrometer-observation\1.11.2\micrometer-observation-1.11.2.jar;F:\05.Programm Soft Green\Environments\Mvn_repository\io\micrometer\micrometer-commons\1.11.2\micrometer-commons-1.11.2.jar;F:\05.Programm Soft Green\Environments\Mvn_repository\org\springframework\spring-webmvc\6.0.11\spring-webmvc-6.0.11.jar;F:\05.Programm Soft Green\Environments\Mvn_repository\com\mysql\mysql-connector-j\8.0.33\mysql-connector-j-8.0.33.jar;F:\05.Programm Soft Green\Environments\Mvn_repository\org\projectlombok\lombok\1.18.28\lombok-1.18.28.jar;F:\05.Programm Soft Green\Environments\Mvn_repository\org\springframework\boot\spring-boot-starter-test\3.1.2\spring-boot-starter-test-3.1.2.jar;F:\05.Programm Soft Green\Environments\Mvn_repository\org\springframework\boot\spring-boot-test\3.1.2\spring-boot-test-3.1.2.jar;F:\05.Programm Soft Green\Environments\Mvn_repository\org\springframework\boot\spring-boot-test-autoconfigure\3.1.2\spring-boot-test-autoconfigure-3.1.2.jar;F:\05.Programm Soft Green\Environments\Mvn_repository\com\jayway\jsonpath\json-path\2.8.0\json-path-2.8.0.jar;F:\05.Programm Soft Green\Environments\Mvn_repository\org\slf4j\slf4j-api\2.0.7\slf4j-api-2.0.7.jar;F:\05.Programm Soft Green\Environments\Mvn_repository\jakarta\xml\bind\jakarta.xml.bind-api\4.0.0\jakarta.xml.bind-api-4.0.0.jar;F:\05.Programm Soft Green\Environments\Mvn_repository\jakarta\activation\jakarta.activation-api\2.1.2\jakarta.activation-api-2.1.2.jar;F:\05.Programm Soft Green\Environments\Mvn_repository\net\minidev\json-smart\2.4.11\json-smart-2.4.11.jar;F:\05.Programm Soft Green\Environments\Mvn_repository\net\minidev\accessors-smart\2.4.11\accessors-smart-2.4.11.jar;F:\05.Programm Soft Green\Environments\Mvn_repository\org\ow2\asm\asm\9.3\asm-9.3.jar;F:\05.Programm Soft Green\Environments\Mvn_repository\org\assertj\assertj-core\3.24.2\assertj-core-3.24.2.jar;F:\05.Programm Soft Green\Environments\Mvn_repository\net\bytebuddy\byte-buddy\1.14.5\byte-buddy-1.14.5.jar;F:\05.Programm Soft Green\Environments\Mvn_repository\org\hamcrest\hamcrest\2.2\hamcrest-2.2.jar;F:\05.Programm Soft Green\Environments\Mvn_repository\org\junit\jupiter\junit-jupiter\5.9.3\junit-jupiter-5.9.3.jar;F:\05.Programm Soft Green\Environments\Mvn_repository\org\junit\jupiter\junit-jupiter-api\5.9.3\junit-jupiter-api-5.9.3.jar;F:\05.Programm Soft Green\Environments\Mvn_repository\org\opentest4j\opentest4j\1.2.0\opentest4j-1.2.0.jar;F:\05.Programm Soft Green\Environments\Mvn_repository\org\junit\platform\junit-platform-commons\1.9.3\junit-platform-commons-1.9.3.jar;F:\05.Programm Soft Green\Environments\Mvn_repository\org\apiguardian\apiguardian-api\1.1.2\apiguardian-api-1.1.2.jar;F:\05.Programm Soft Green\Environments\Mvn_repository\org\junit\jupiter\junit-jupiter-params\5.9.3\junit-jupiter-params-5.9.3.jar;F:\05.Programm Soft Green\Environments\Mvn_repository\org\junit\jupiter\junit-jupiter-engine\5.9.3\junit-jupiter-engine-5.9.3.jar;F:\05.Programm Soft Green\Environments\Mvn_repository\org\junit\platform\junit-platform-engine\1.9.3\junit-platform-engine-1.9.3.jar;F:\05.Programm Soft Green\Environments\Mvn_repository\org\mockito\mockito-core\5.3.1\mockito-core-5.3.1.jar;F:\05.Programm Soft Green\Environments\Mvn_repository\net\bytebuddy\byte-buddy-agent\1.14.5\byte-buddy-agent-1.14.5.jar;F:\05.Programm Soft Green\Environments\Mvn_repository\org\objenesis\objenesis\3.3\objenesis-3.3.jar;F:\05.Programm Soft Green\Environments\Mvn_repository\org\mockito\mockito-junit-jupiter\5.3.1\mockito-junit-jupiter-5.3.1.jar;F:\05.Programm Soft Green\Environments\Mvn_repository\org\skyscreamer\jsonassert\1.5.1\jsonassert-1.5.1.jar;F:\05.Programm Soft Green\Environments\Mvn_repository\com\vaadin\external\google\android-json\0.0.20131108.vaadin1\android-json-0.0.20131108.vaadin1.jar;F:\05.Programm Soft Green\Environments\Mvn_repository\org\springframework\spring-core\6.0.11\spring-core-6.0.11.jar;F:\05.Programm Soft Green\Environments\Mvn_repository\org\springframework\spring-jcl\6.0.11\spring-jcl-6.0.11.jar;F:\05.Programm Soft Green\Environments\Mvn_repository\org\springframework\spring-test\6.0.11\spring-test-6.0.11.jar;F:\05.Programm Soft Green\Environments\Mvn_repository\org\xmlunit\xmlunit-core\2.9.1\xmlunit-core-2.9.1.jar;F:\05.Programm Soft Green\Environments\Mvn_repository\org\springframework\security\spring-security-test\6.1.2\spring-security-test-6.1.2.jar;F:\05.Programm Soft Green\Environments\Mvn_repository\org\springframework\security\spring-security-core\6.1.2\spring-security-core-6.1.2.jar;F:\05.Programm Soft Green\Environments\Mvn_repository\org\springframework\security\spring-security-crypto\6.1.2\spring-security-crypto-6.1.2.jar;F:\05.Programm Soft Green\Environments\Mvn_repository\com\alibaba\fastjson2\fastjson2\2.0.25\fastjson2-2.0.25.jar;F:\05.Programm Soft Green\Environments\Mvn_repository\com\auth0\java-jwt\4.3.0\java-jwt-4.3.0.jar;F:\05.Programm Soft Green\Environments\Mvn_repository\com\fasterxml\jackson\core\jackson-databind\2.15.2\jackson-databind-2.15.2.jar;F:\05.Programm Soft Green\Environments\Mvn_repository\com\fasterxml\jackson\core\jackson-annotations\2.15.2\jackson-annotations-2.15.2.jar;F:\05.Programm Soft Green\Environments\Mvn_repository\com\fasterxml\jackson\core\jackson-core\2.15.2\jackson-core-2.15.2.jar;F:\05.Programm Soft Green\Environments\Mvn_repository\org\springframework\boot\spring-boot-starter-data-redis\3.1.2\spring-boot-starter-data-redis-3.1.2.jar;F:\05.Programm Soft Green\Environments\Mvn_repository\org\springframework\data\spring-data-redis\3.1.2\spring-data-redis-3.1.2.jar;F:\05.Programm Soft Green\Environments\Mvn_repository\org\springframework\data\spring-data-keyvalue\3.1.2\spring-data-keyvalue-3.1.2.jar;F:\05.Programm Soft Green\Environments\Mvn_repository\org\springframework\data\spring-data-commons\3.1.2\spring-data-commons-3.1.2.jar;F:\05.Programm Soft Green\Environments\Mvn_repository\org\springframework\spring-tx\6.0.11\spring-tx-6.0.11.jar;F:\05.Programm Soft Green\Environments\Mvn_repository\org\springframework\spring-oxm\6.0.11\spring-oxm-6.0.11.jar;F:\05.Programm Soft Green\Environments\Mvn_repository\org\springframework\spring-context-support\6.0.11\spring-context-support-6.0.11.jar;F:\05.Programm Soft Green\Environments\Mvn_repository\io\lettuce\lettuce-core\6.2.5.RELEASE\lettuce-core-6.2.5.RELEASE.jar;F:\05.Programm Soft Green\Environments\Mvn_repository\io\netty\netty-common\4.1.94.Final\netty-common-4.1.94.Final.jar;F:\05.Programm Soft Green\Environments\Mvn_repository\io\netty\netty-handler\4.1.94.Final\netty-handler-4.1.94.Final.jar;F:\05.Programm Soft Green\Environments\Mvn_repository\io\netty\netty-resolver\4.1.94.Final\netty-resolver-4.1.94.Final.jar;F:\05.Programm Soft Green\Environments\Mvn_repository\io\netty\netty-buffer\4.1.94.Final\netty-buffer-4.1.94.Final.jar;F:\05.Programm Soft Green\Environments\Mvn_repository\io\netty\netty-transport-native-unix-common\4.1.94.Final\netty-transport-native-unix-common-4.1.94.Final.jar;F:\05.Programm Soft Green\Environments\Mvn_repository\io\netty\netty-codec\4.1.94.Final\netty-codec-4.1.94.Final.jar;F:\05.Programm Soft Green\Environments\Mvn_repository\io\netty\netty-transport\4.1.94.Final\netty-transport-4.1.94.Final.jar;F:\05.Programm Soft Green\Environments\Mvn_repository\io\projectreactor\reactor-core\3.5.8\reactor-core-3.5.8.jar;F:\05.Programm Soft Green\Environments\Mvn_repository\org\reactivestreams\reactive-streams\1.0.4\reactive-streams-1.0.4.jar;F:\05.Programm Soft Green\Environments\Mvn_repository\com\baomidou\mybatis-plus-boot-starter\3.5.3.1\mybatis-plus-boot-starter-3.5.3.1.jar;F:\05.Programm Soft Green\Environments\Mvn_repository\com\baomidou\mybatis-plus\3.5.3.1\mybatis-plus-3.5.3.1.jar;F:\05.Programm Soft Green\Environments\Mvn_repository\com\baomidou\mybatis-plus-extension\3.5.3.1\mybatis-plus-extension-3.5.3.1.jar;F:\05.Programm Soft Green\Environments\Mvn_repository\com\baomidou\mybatis-plus-core\3.5.3.1\mybatis-plus-core-3.5.3.1.jar;F:\05.Programm Soft Green\Environments\Mvn_repository\com\baomidou\mybatis-plus-annotation\3.5.3.1\mybatis-plus-annotation-3.5.3.1.jar;F:\05.Programm Soft Green\Environments\Mvn_repository\com\github\jsqlparser\jsqlparser\4.4\jsqlparser-4.4.jar;F:\05.Programm Soft Green\Environments\Mvn_repository\org\mybatis\mybatis\3.5.10\mybatis-3.5.10.jar;F:\05.Programm Soft Green\Environments\Mvn_repository\org\mybatis\mybatis-spring\2.0.7\mybatis-spring-2.0.7.jar;F:\05.Programm Soft Green\Environments\Mvn_repository\org\springframework\boot\spring-boot-autoconfigure\3.1.2\spring-boot-autoconfigure-3.1.2.jar;F:\05.Programm Soft Green\Environments\Mvn_repository\org\springframework\boot\spring-boot-starter-jdbc\3.1.2\spring-boot-starter-jdbc-3.1.2.jar;F:\05.Programm Soft Green\Environments\Mvn_repository\com\zaxxer\HikariCP\5.0.1\HikariCP-5.0.1.jar;F:\05.Programm Soft Green\Environments\Mvn_repository\org\springframework\spring-jdbc\6.0.11\spring-jdbc-6.0.11.jar;"/>
    <property name="sun.cpu.endian" value="little"/>
    <property name="user.home" value="C:\Users\Administrator"/>
    <property name="user.language" value="zh"/>
    <property name="java.specification.vendor" value="Oracle Corporation"/>
    <property name="java.version.date" value="2021-10-19"/>
    <property name="java.home" value="E:\Program Files Emvironment\JDK\jdk17"/>
    <property name="file.separator" value="\"/>
    <property name="basedir" value="G:\softDatas\2.Program\WebProgramme\mufengxz\mufengxz-backend"/>
    <property name="java.vm.compressedOopsMode" value="Zero based"/>
    <property name="line.separator" value="&#10;"/>
    <property name="java.vm.specification.vendor" value="Oracle Corporation"/>
    <property name="java.specification.name" value="Java Platform API Specification"/>
    <property name="FILE_LOG_CHARSET" value="GBK"/>
    <property name="java.awt.headless" value="true"/>
    <property name="surefire.real.class.path" value="C:\Users\Administrator\AppData\Local\Temp\surefire3696869888410004134\surefirebooter-20230817191908271_3.jar"/>
    <property name="junit.platform.listeners.uid.tracking.enabled" value="true"/>
    <property name="user.script" value=""/>
    <property name="sun.management.compiler" value="HotSpot 64-Bit Tiered Compilers"/>
    <property name="junit.platform.listeners.uid.tracking.output.dir" value="G:\softDatas\2.Program\WebProgramme\mufengxz\mufengxz-backend\target\test-ids"/>
    <property name="java.runtime.version" value="17.0.1+12-LTS-39"/>
    <property name="user.name" value="Administrator"/>
    <property name="path.separator" value=";"/>
    <property name="os.version" value="10.0"/>
    <property name="java.runtime.name" value="Java(TM) SE Runtime Environment"/>
    <property name="file.encoding" value="GBK"/>
    <property name="java.vm.name" value="Java HotSpot(TM) 64-Bit Server VM"/>
    <property name="localRepository" value="F:\05.Programm Soft Green\Environments\Mvn_repository"/>
    <property name="java.vendor.url.bug" value="https://bugreport.java.com/bugreport/"/>
    <property name="java.io.tmpdir" value="C:\Users\ADMINI~1\AppData\Local\Temp\"/>
    <property name="idea.version" value="2023.2"/>
    <property name="java.version" value="17.0.1"/>
    <property name="user.dir" value="G:\softDatas\2.Program\WebProgramme\mufengxz\mufengxz-backend"/>
    <property name="os.arch" value="amd64"/>
    <property name="java.vm.specification.name" value="Java Virtual Machine Specification"/>
    <property name="PID" value="17548"/>
    <property name="sun.os.patch.level" value=""/>
    <property name="CONSOLE_LOG_CHARSET" value="GBK"/>
    <property name="native.encoding" value="GBK"/>
    <property name="java.library.path" value="E:\Program Files Emvironment\JDK\jdk17\bin;C:\WINDOWS\Sun\Java\bin;C:\WINDOWS\system32;C:\WINDOWS;C:\Program Files\Common Files\Oracle\Java\javapath;C:\Program Files (x86)\Common Files\Oracle\Java\javapath;C:\WINDOWS\system32;C:\WINDOWS;C:\WINDOWS\System32\Wbem;C:\WINDOWS\System32\WindowsPowerShell\v1.0\;C:\WINDOWS\System32\OpenSSH\;C:\Program Files\dotnet\;F:\05.Programm Soft Green\Environments\nodejs\nodejs;F:\05.Programm Soft Green\Environments\nodejs\nodejs\node_global;E:\Program Files (x86)\Git\cmd;F:\05.Programm Soft Green\Environments\jdkx64\jdk17\bin;C:\Users\Administrator\AppData\Local\Microsoft\WindowsApps;;."/>
    <property name="java.vm.info" value="mixed mode, sharing"/>
    <property name="java.vendor" value="Oracle Corporation"/>
    <property name="java.vm.version" value="17.0.1+12-LTS-39"/>
    <property name="sun.io.unicode.encoding" value="UnicodeLittle"/>
    <property name="java.class.version" value="61.0"/>
  </properties>
  <testcase name="contextLoads" classname="com.mufengxz.MufengxzBackendApplicationTests" time="1.365">
    <system-out><![CDATA[19:19:09.333 [main] INFO org.springframework.test.context.support.AnnotationConfigContextLoaderUtils -- Could not detect default configuration classes for test class [com.mufengxz.MufengxzBackendApplicationTests]: MufengxzBackendApplicationTests does not declare any static, non-private, non-final, nested classes annotated with @Configuration.
19:19:09.468 [main] INFO org.springframework.boot.test.context.SpringBootTestContextBootstrapper -- Found @SpringBootConfiguration com.mufengxz.MufengxzBackendApplication for test class com.mufengxz.MufengxzBackendApplicationTests

  .   ____          _            __ _ _
 /\\ / ___'_ __ _ _(_)_ __  __ _ \ \ \ \
( ( )\___ | '_ | '_| | '_ \/ _` | \ \ \ \
 \\/  ___)| |_)| | | | | || (_| |  ) ) ) )
  '  |____| .__|_| |_|_| |_\__, | / / / /
 =========|_|==============|___/=/_/_/_/
 :: Spring Boot ::                (v3.1.2)

2023-08-17T19:19:10.099+08:00  INFO 17548 --- [           main] c.m.MufengxzBackendApplicationTests      : Starting MufengxzBackendApplicationTests using Java 17.0.1 with PID 17548 (started by Administrator in G:\softDatas\2.Program\WebProgramme\mufengxz\mufengxz-backend)
2023-08-17T19:19:10.101+08:00  INFO 17548 --- [           main] c.m.MufengxzBackendApplicationTests      : No active profile set, falling back to 1 default profile: "default"
2023-08-17T19:19:10.910+08:00  INFO 17548 --- [           main] .s.d.r.c.RepositoryConfigurationDelegate : Multiple Spring Data modules found, entering strict repository configuration mode
2023-08-17T19:19:10.914+08:00  INFO 17548 --- [           main] .s.d.r.c.RepositoryConfigurationDelegate : Bootstrapping Spring Data Redis repositories in DEFAULT mode.
2023-08-17T19:19:10.954+08:00  INFO 17548 --- [           main] .s.d.r.c.RepositoryConfigurationDelegate : Finished Spring Data repository scanning in 19 ms. Found 0 Redis repository interfaces.
2023-08-17T19:19:12.097+08:00  WARN 17548 --- [           main] .s.s.UserDetailsServiceAutoConfiguration : 

Using generated security password: 5c2ca304-cc54-45f1-9bc4-fe517dfac9c9

This generated password is for development use only. Your security configuration must be updated before running your application in production.

2023-08-17T19:19:12.267+08:00  INFO 17548 --- [           main] o.s.s.web.DefaultSecurityFilterChain     : Will secure any request with [org.springframework.security.web.session.DisableEncodeUrlFilter@62e73ab6, org.springframework.security.web.context.request.async.WebAsyncManagerIntegrationFilter@5d7f8467, org.springframework.security.web.context.SecurityContextHolderFilter@28daf506, org.springframework.security.web.header.HeaderWriterFilter@5a47730c, org.springframework.security.web.authentication.logout.LogoutFilter@1a88c4f5, com.mufengxz.filter.JwtAuthorizeFilter@29bd85db, org.springframework.security.web.authentication.UsernamePasswordAuthenticationFilter@a316f6b, org.springframework.security.web.savedrequest.RequestCacheAwareFilter@693f2213, org.springframework.security.web.servletapi.SecurityContextHolderAwareRequestFilter@6befbb12, org.springframework.security.web.authentication.AnonymousAuthenticationFilter@7caf1e5, org.springframework.security.web.session.SessionManagementFilter@1cde374, org.springframework.security.web.access.ExceptionTranslationFilter@4f213a2, org.springframework.security.web.access.intercept.AuthorizationFilter@35e74e08]
 _ _   |_  _ _|_. ___ _ |    _ 
| | |\/|_)(_| | |_\  |_)||_|_\ 
     /               |         
                        3.5.3.1 
2023-08-17T19:19:13.401+08:00  INFO 17548 --- [           main] c.m.MufengxzBackendApplicationTests      : Started MufengxzBackendApplicationTests in 3.699 seconds (process running for 4.987)
$2a$10$9ESUF96wbZ81ia5etfyJj.T07XUMi/mi.7SBPhbDvD2A7WsjfViNO
]]></system-out>
  </testcase>
</testsuite>